2024-03-24 15:23:58,015 - INFO - Результат деления: 5.0
2024-03-24 15:23:58,016 - ERROR - Попытка деления на ноль
2024-03-24 15:25:18,728 - INFO - Result : 5.0
2024-03-24 15:25:18,729 - ERROR - Попытка деления на ноль
2024-03-24 15:26:51,189 - INFO - Result : 5.0
2024-03-24 15:26:51,189 - ERROR - РџРѕРїС‹С‚РєР° РґРµР»РµРЅРёСЏ РЅР° РЅРѕР»СЊ
2024-03-24 15:29:06,686 - INFO - Р РµР·СѓР»СЊС‚Р°С‚ : 5.0
2024-03-24 15:29:29,842 - ERROR - РџРѕРїС‹С‚РєР° РґРµР»РµРЅРёСЏ РЅР° РЅРѕР»СЊ
INFO:root:Р РµР·СѓР»СЊС‚Р°С‚ : 5.0
ERROR:root:РџРѕРїС‹С‚РєР° РґРµР»РµРЅРёСЏ РЅР° РЅРѕР»СЊ
2024-03-24 15:35:02,901 
2024-03-24 15:35:02,901 
2024-03-24 15:36:06,400 - Р РµР·СѓР»СЊС‚Р°С‚ : 5.0
2024-03-24 15:36:06,400 - РџРѕРїС‹С‚РєР° РґРµР»РµРЅРёСЏ РЅР° РЅРѕР»СЊ
2024-03-24 15:36:37,566 - Р РµР·СѓР»СЊС‚Р°С‚ : 5.0
2024-03-24 15:36:37,567 -  РћРЁРР‘РљРђ РџРѕРїС‹С‚РєР° РґРµР»РµРЅРёСЏ РЅР° РЅРѕР»СЊ
2024-03-24 15:37:13,817  |  Р РµР·СѓР»СЊС‚Р°С‚ : 5.0  |  INFO 
2024-03-24 15:37:13,817  |  РџРѕРїС‹С‚РєР° РґРµР»РµРЅРёСЏ РЅР° РЅРѕР»СЊ  |  ERROR 
INFO |  2024-03-24 15:37:43,699  |  Р РµР·СѓР»СЊС‚Р°С‚ : 5.0  
ERROR |  2024-03-24 15:37:43,699  |  РџРѕРїС‹С‚РєР° РґРµР»РµРЅРёСЏ РЅР° РЅРѕР»СЊ  
2024-03-24 15:38:16,114  | INFO  |  Р РµР·СѓР»СЊС‚Р°С‚ : 5.0  
2024-03-24 15:38:16,114  | ERROR  |  РџРѕРїС‹С‚РєР° РґРµР»РµРЅРёСЏ РЅР° РЅРѕР»СЊ  
2024-03-24 15:38:32,425  | INFO   |  Р РµР·СѓР»СЊС‚Р°С‚ : 5.0  
2024-03-24 15:38:32,426  | ERROR   |  РџРѕРїС‹С‚РєР° РґРµР»РµРЅРёСЏ РЅР° РЅРѕР»СЊ  
2024-03-24 15:40:02,883  | ERROR  |  РџРѕРїС‹С‚РєР° РґРµР»РµРЅРёСЏ РЅР° РЅРѕР»СЊ  
2024-03-24 15:40:22,258  | ERROR  |  РџРѕРїС‹С‚РєР° РґРµР»РµРЅРёСЏ РЅР° РЅРѕР»СЊ  
2024-03-24 15:40:23,984  | ERROR  |  РџРѕРїС‹С‚РєР° РґРµР»РµРЅРёСЏ РЅР° РЅРѕР»СЊ  
2024-03-24 15:41:41,468  | ERROR  |  РџРѕРїС‹С‚РєР° РґРµР»РµРЅРёСЏ РЅР° РЅРѕР»СЊ  
2024-03-24 15:41:41,468  | WARNING  |  С‡С‚Рѕ-С‚Рѕ РґР»СЏ РїСЂРёРјРµСЂР° warn  
2024-03-24 15:41:41,468  | CRITICAL  |  С‡С‚Рѕ-С‚Рѕ РґР»СЏ РїСЂРёРјРµСЂР° fatal  
2024-03-24 15:42:02,588  | ERROR  |  РџРѕРїС‹С‚РєР° РґРµР»РµРЅРёСЏ РЅР° РЅРѕР»СЊ  
2024-03-24 15:42:02,590  | WARNING  |  С‡С‚Рѕ-С‚Рѕ РґР»СЏ РїСЂРёРјРµСЂР° warning  
2024-03-24 15:42:02,590  | CRITICAL  |  С‡С‚Рѕ-С‚Рѕ РґР»СЏ РїСЂРёРјРµСЂР° fatal  
2024-03-24 15:44:15,387  | CRITICAL  |  --------------------------  
2024-03-24 15:44:15,387  | INFO  |  Р РµР·СѓР»СЊС‚Р°С‚ : 5.0  
2024-03-24 15:44:15,388  | ERROR  |  РџРѕРїС‹С‚РєР° РґРµР»РµРЅРёСЏ РЅР° РЅРѕР»СЊ  
2024-03-24 15:44:15,388  | DEBUG  |  С‡С‚Рѕ-С‚Рѕ РґР»СЏ РїСЂРёРјРµСЂР° debug  
2024-03-24 15:44:15,389  | WARNING  |  С‡С‚Рѕ-С‚Рѕ РґР»СЏ РїСЂРёРјРµСЂР° warning  
2024-03-24 15:44:15,389  | CRITICAL  |  С‡С‚Рѕ-С‚Рѕ РґР»СЏ РїСЂРёРјРµСЂР° fatal  
2024-03-24 15:45:21,881  | CRITICAL  |  -----------level:debug---------------  
2024-03-24 15:45:21,882  | INFO  |  Р РµР·СѓР»СЊС‚Р°С‚ : 5.0  
2024-03-24 15:45:21,882  | ERROR  |  РџРѕРїС‹С‚РєР° РґРµР»РµРЅРёСЏ РЅР° РЅРѕР»СЊ  
2024-03-24 15:45:21,882  | DEBUG  |  С‡С‚Рѕ-С‚Рѕ РґР»СЏ РїСЂРёРјРµСЂР° debug  
2024-03-24 15:45:21,882  | WARNING  |  С‡С‚Рѕ-С‚Рѕ РґР»СЏ РїСЂРёРјРµСЂР° warning  
2024-03-24 15:45:21,882  | CRITICAL  |  С‡С‚Рѕ-С‚Рѕ РґР»СЏ РїСЂРёРјРµСЂР° fatal  
2024-03-24 15:45:40,958  | CRITICAL  |  -----------level:info---------------  
2024-03-24 15:45:40,958  | INFO  |  Р РµР·СѓР»СЊС‚Р°С‚ : 5.0  
2024-03-24 15:45:40,958  | ERROR  |  РџРѕРїС‹С‚РєР° РґРµР»РµРЅРёСЏ РЅР° РЅРѕР»СЊ  
2024-03-24 15:45:40,958  | WARNING  |  С‡С‚Рѕ-С‚Рѕ РґР»СЏ РїСЂРёРјРµСЂР° warning  
2024-03-24 15:45:40,958  | CRITICAL  |  С‡С‚Рѕ-С‚Рѕ РґР»СЏ РїСЂРёРјРµСЂР° fatal  
2024-03-24 15:46:08,895  | CRITICAL  |  -----------level:error---------------  
2024-03-24 15:46:08,896  | ERROR  |  РџРѕРїС‹С‚РєР° РґРµР»РµРЅРёСЏ РЅР° РЅРѕР»СЊ  
2024-03-24 15:46:08,896  | CRITICAL  |  С‡С‚Рѕ-С‚Рѕ РґР»СЏ РїСЂРёРјРµСЂР° fatal  
